polybar|notice:  Parsing config file: /home/david/.config/polybar/config.ini
polybar|notice:  Parsing config file: /home/david/.config/polybar/config2.ini
polybar|notice:  Loading module 'margin' of type 'custom/text'
polybar|notice:  Loading module 'round-left' of type 'custom/text'
polybar|notice:  Loading module 'bspwm' of type 'internal/bspwm'
polybar|notice:  Loading module 'round-right' of type 'custom/text'
polybar|notice:  Loading module 'margin' of type 'custom/text'
polybar|notice:  Loaded 5 modules
polybar|notice:  Loading module 'margin' of type 'custom/text'
polybar|notice:  Loading module 'round-left' of type 'custom/text'
polybar|error: Disabling module "title" (reason: Missing section "module/title")
polybar|notice:  Loading module 'round-right' of type 'custom/text'
polybar|notice:  Loading module 'margin' of type 'custom/text'
polybar|notice:  Loading module 'margin' of type 'custom/text'
polybar|notice:  Loading module 'round-left' of type 'custom/text'
polybar|notice:  Loading module 'bspwm' of type 'internal/bspwm'
polybar|notice:  Loading module 'round-right' of type 'custom/text'
polybar|notice:  Loading module 'margin' of type 'custom/text'
polybar|notice:  Loading module 'margin' of type 'custom/text'
polybar|notice:  Loading module 'round-left' of type 'custom/text'
polybar|notice:  Loading module 'launcher' of type 'custom/text'
polybar|notice:  Loading module 'round-right' of type 'custom/text'
polybar|notice:  Loading module 'margin' of type 'custom/text'
polybar|notice:  Loading module 'round-left' of type 'custom/text'
polybar|notice:  Loading module 'wlan' of type 'internal/network'
polybar|notice:  Loading module 'round-right' of type 'custom/text'
polybar|notice:  Loading module 'margin' of type 'custom/text'
polybar|notice:  Loading module 'round-left' of type 'custom/text'
polybar|notice:  Loading module 'weather' of type 'custom/script'
polybar|notice:  Loading module 'round-right' of type 'custom/text'
polybar|notice:  Loading module 'margin' of type 'custom/text'
polybar|notice:  Loading module 'round-left' of type 'custom/text'
polybar|notice:  Loading module 'memory' of type 'internal/memory'
polybar|notice:  Loading module 'cpu' of type 'internal/cpu'
polybar|notice:  Loading module 'pulseaudio' of type 'internal/pulseaudio'
polybar|notice:  pulseaudio: using default sink alsa_output.pci-0000_04_01.0.analog-stereo
polybar|notice:  Loading module 'round-right' of type 'custom/text'
polybar|notice:  Loading module 'margin' of type 'custom/text'
polybar|notice:  Loading module 'round-left' of type 'custom/text'
polybar|notice:  Loading module 'date' of type 'internal/date'
polybar|notice:  Loading module 'round-right' of type 'custom/text'
polybar|notice:  Loading module 'margin' of type 'custom/text'
polybar|notice:  Loaded 32 modules
polybar|notice:  Loaded font "SauceCodePro Nerd Font:style=Medium:size=9" (name=SauceCodePro Nerd Font, offset=2, file=/usr/share/fonts/nerd-fonts-complete/TTF/Sauce Code Pro Medium Nerd Font Complete.ttf)
polybar|notice:  Loaded font "SauceCodePro Nerd Font:style=Bold:size=9" (name=SauceCodePro Nerd Font, offset=2, file=/usr/share/fonts/nerd-fonts-complete/TTF/Sauce Code Pro Bold Nerd Font Complete.ttf)
polybar|notice:  Loaded font "SauceCodePro Nerd Font:size=11" (name=SauceCodePro Nerd Font, offset=2, file=/usr/share/fonts/nerd-fonts-complete/TTF/Sauce Code Pro Nerd Font Complete.ttf)
polybar|notice:  Loaded font "SauceCodePro Nerd Font:size=16" (name=SauceCodePro Nerd Font, offset=4, file=/usr/share/fonts/nerd-fonts-complete/TTF/Sauce Code Pro Nerd Font Complete.ttf)
polybar|notice:  Loaded font "SauceCodePro Nerd Font:style=Medium:size=9" (name=SauceCodePro Nerd Font, offset=2, file=/usr/share/fonts/nerd-fonts-complete/TTF/Sauce Code Pro Medium Nerd Font Complete.ttf)
polybar|notice:  Loaded font "SauceCodePro Nerd Font:size=18" (name=SauceCodePro Nerd Font, offset=4, file=/usr/share/fonts/nerd-fonts-complete/TTF/Sauce Code Pro Nerd Font Complete.ttf)
polybar|notice:  Loaded font "SauceCodePro Nerd Font:style=Bold:size=9" (name=SauceCodePro Nerd Font, offset=2, file=/usr/share/fonts/nerd-fonts-complete/TTF/Sauce Code Pro Bold Nerd Font Complete.ttf)
polybar|notice:  Loaded font "wqyzenhei:style=Medium:size=8" (name=Noto Sans, offset=1, file=/usr/share/fonts/noto/NotoSans-Medium.ttf)
polybar|notice:  Loaded font "SauceCodePro Nerd Font:size=11" (name=SauceCodePro Nerd Font, offset=2, file=/usr/share/fonts/nerd-fonts-complete/TTF/Sauce Code Pro Nerd Font Complete.ttf)
polybar|notice:  Loaded font "SauceCodePro Nerd Font:size=16" (name=SauceCodePro Nerd Font, offset=4, file=/usr/share/fonts/nerd-fonts-complete/TTF/Sauce Code Pro Nerd Font Complete.ttf)
polybar|notice:  Loaded font "Droid Sans Mono:style=Regular:size=10" (name=Droid Sans Mono, offset=0, file=/usr/share/fonts/droid/DroidSansMono.ttf)
polybar|notice:  Loaded font "SauceCodePro Nerd Font:size=18" (name=SauceCodePro Nerd Font, offset=4, file=/usr/share/fonts/nerd-fonts-complete/TTF/Sauce Code Pro Nerd Font Complete.ttf)
polybar|notice:  Loaded font "wqyzenhei:style=Medium:size=8" (name=Noto Sans, offset=1, file=/usr/share/fonts/noto/NotoSans-Medium.ttf)
polybar|notice:  Loaded font "Droid Sans Mono:style=Regular:size=10" (name=Droid Sans Mono, offset=0, file=/usr/share/fonts/droid/DroidSansMono.ttf)
polybar|warn:  Systray selection already managed (window=0x0e00007)
